
W :  [10, 10, 6, 8, 1, 10, 8, 10, 7, 9, 6, 8, 2, 7, 2, 1, 9, 8, 5, 8] 135
P :  [17, 14, 74, 43, 79, 88, 55, 56, 60, 26, 53, 71, 84, 49, 79, 82, 26, 80, 47, 95] 1178
T :  [[1, 82], [1, 79], [2, 84], [2, 79], [6, 74], [8, 95], [8, 80], [5, 47], [8, 71], [6, 53], [10, 88], [7, 60], [7, 49], [8, 55], [10, 56], [8, 43], [9, 26], [9, 26], [10, 17], [10, 14]]
First Bound :  1178
Best ProFit 581
Node That Seen :  9354
----------------------
Second Bound :  591.8
Best ProFit 581
Node That Seen :  877
***************
W :  [9, 8, 5, 9, 5, 1, 3, 6, 5, 5, 3, 3, 5, 2, 8, 4, 7, 5, 9, 9] 111
P :  [88, 14, 27, 47, 95, 75, 72, 65, 49, 83, 69, 16, 28, 86, 87, 35, 89, 53, 12, 55] 1145
T :  [[1, 75], [2, 86], [3, 72], [3, 69], [5, 95], [5, 83], [7, 89], [8, 87], [6, 65], [5, 53], [5, 49], [9, 88], [4, 35], [9, 55], [5, 28], [5, 27], [3, 16], [9, 47], [8, 14], [9, 12]]
First Bound :  1145
Best ProFit 604
Node That Seen :  9210
----------------------
Second Bound :  612.5
Best ProFit 604
Node That Seen :  1708
***************
W :  [5, 8, 8, 3, 3, 5, 10, 8, 5, 6, 5, 4, 4, 8, 3, 1, 9, 7, 3, 4] 109
P :  [69, 72, 35, 25, 35, 86, 47, 70, 77, 11, 81, 19, 32, 24, 100, 25, 20, 32, 48, 29] 937
T :  [[3, 100], [1, 25], [5, 86], [5, 81], [3, 48], [5, 77], [5, 69], [3, 35], [8, 72], [8, 70], [3, 25], [4, 32], [4, 29], [4, 19], [10, 47], [7, 32], [8, 35], [8, 24], [9, 20], [6, 11]]
First Bound :  937
Best ProFit 521
Node That Seen :  12822
----------------------
Second Bound :  521
Best ProFit 521
Node That Seen :  2307
***************
W :  [4, 1, 1, 4, 5, 9, 1, 8, 1, 9, 1, 6, 5, 4, 1, 5, 5, 7, 6, 8] 91
P :  [87, 92, 99, 16, 90, 24, 45, 85, 26, 16, 34, 15, 49, 96, 39, 47, 67, 99, 39, 37] 1102
T :  [[1, 99], [1, 92], [1, 45], [1, 39], [1, 34], [1, 26], [4, 96], [4, 87], [5, 90], [7, 99], [5, 67], [8, 85], [5, 49], [5, 47], [6, 39], [8, 37], [4, 16], [9, 24], [6, 15], [9, 16]]
First Bound :  1102
Best ProFit 748
Node That Seen :  8101
----------------------
Second Bound :  760.6
Best ProFit 748
Node That Seen :  1374
***************
W :  [8, 10, 4, 4, 6, 3, 9, 7, 1, 7, 9, 2, 5, 6, 1, 5, 9, 8, 6, 4] 114
P :  [83, 36, 74, 99, 31, 51, 15, 87, 15, 46, 22, 75, 38, 18, 55, 94, 92, 32, 70, 42] 1075
T :  [[1, 55], [2, 75], [4, 99], [5, 94], [4, 74], [3, 51], [1, 15], [7, 87], [6, 70], [4, 42], [8, 83], [9, 92], [5, 38], [7, 46], [6, 31], [8, 32], [10, 36], [6, 18], [9, 22], [9, 15]]
First Bound :  1075
Best ProFit 577
Node That Seen :  12266
----------------------
Second Bound :  585.0
Best ProFit 577
Node That Seen :  1567
***************
W :  [3, 3, 9, 7, 8, 3, 10, 7, 5, 2, 8, 10, 5, 7, 1, 8, 10, 3, 5, 10] 124
P :  [34, 41, 29, 80, 11, 36, 76, 85, 10, 93, 18, 73, 18, 61, 31, 82, 78, 53, 46, 72] 1027
T :  [[2, 93], [1, 31], [3, 53], [3, 41], [7, 85], [3, 36], [7, 80], [3, 34], [8, 82], [5, 46], [7, 61], [10, 78], [10, 76], [10, 73], [10, 72], [5, 18], [9, 29], [8, 18], [5, 10], [8, 11]]
First Bound :  1027
Best ProFit 455
Node That Seen :  13769
----------------------
Second Bound :  463.25
Best ProFit 455
Node That Seen :  3776
***************
W :  [10, 10, 3, 2, 1, 1, 8, 9, 1, 3, 2, 9, 9, 5, 6, 4, 5, 9, 2, 8] 107
P :  [30, 42, 100, 72, 54, 93, 99, 77, 88, 36, 63, 92, 70, 95, 72, 18, 57, 41, 33, 33] 1265
T :  [[1, 93], [1, 88], [1, 54], [2, 72], [3, 100], [2, 63], [5, 95], [2, 33], [8, 99], [3, 36], [6, 72], [5, 57], [9, 92], [9, 77], [9, 70], [9, 41], [4, 18], [10, 42], [8, 33], [10, 30]]
First Bound :  1265
Best ProFit 754
Node That Seen :  18487
----------------------
Second Bound :  757.0
Best ProFit 754
Node That Seen :  1029
***************
W :  [4, 2, 4, 6, 6, 10, 3, 5, 4, 10, 1, 8, 10, 9, 4, 8, 8, 4, 3, 8] 117
P :  [28, 42, 17, 79, 13, 70, 100, 64, 53, 40, 25, 11, 96, 48, 18, 71, 31, 74, 48, 67] 995
T :  [[3, 100], [1, 25], [2, 42], [4, 74], [3, 48], [4, 53], [6, 79], [5, 64], [10, 96], [8, 71], [8, 67], [4, 28], [10, 70], [9, 48], [4, 18], [4, 17], [10, 40], [8, 31], [6, 13], [8, 11]]
First Bound :  995
Best ProFit 485
Node That Seen :  11395
----------------------
Second Bound :  504.2
Best ProFit 485
Node That Seen :  3444
***************
W :  [10, 7, 1, 10, 1, 3, 4, 10, 4, 3, 1, 5, 8, 4, 3, 1, 10, 4, 1, 1] 91
P :  [54, 81, 92, 46, 76, 42, 66, 72, 59, 74, 72, 50, 41, 52, 82, 73, 32, 97, 45, 85] 1291
T :  [[1, 92], [1, 85], [1, 76], [1, 73], [1, 72], [1, 45], [3, 82], [3, 74], [4, 97], [4, 66], [4, 59], [3, 42], [4, 52], [7, 81], [5, 50], [10, 72], [10, 54], [8, 41], [10, 46], [10, 32]]
First Bound :  1291
Best ProFit 885
Node That Seen :  26036
----------------------
Second Bound :  902.0
Best ProFit 885
Node That Seen :  1710
***************
W :  [3, 2, 5, 9, 5, 4, 10, 7, 1, 1, 3, 10, 5, 2, 10, 10, 9, 3, 2, 4] 105
P :  [42, 41, 29, 44, 32, 99, 87, 65, 47, 71, 40, 33, 28, 22, 64, 24, 65, 84, 26, 26] 969
T :  [[1, 71], [1, 47], [3, 84], [4, 99], [2, 41], [3, 42], [3, 40], [2, 26], [2, 22], [7, 65], [10, 87], [9, 65], [4, 26], [5, 32], [10, 64], [5, 29], [5, 28], [9, 44], [10, 33], [10, 24]]
First Bound :  969
Best ProFit 541
Node That Seen :  29280
----------------------
Second Bound :  554.4
Best ProFit 541
Node That Seen :  3554
***************
